<?xml version="1.0" encoding="UTF-8"?>
<!-- Generated by org.testng.reporters.JUnitReportReporter -->
<testsuite hostname="mani-PC" name="org.hcl.testscripts.VerifyLoginUser" tests="1" failures="0" timestamp="25 Oct 2020 11:13:38 GMT" time="17.168" errors="0">
  <testcase name="verifyUserLogin" time="17.168" classname="org.hcl.testscripts.VerifyLoginUser"/>
</testsuite> <!-- org.hcl.testscripts.VerifyLoginUser -->
